Build started 10/30/2014 6:40:38 PM.
     1>Project "D:\Windows\Programming\School\CSE 335\Work\Steps\Step5\Part1\CanadianExperience\CanadianExperience\CanadianExperience.vcxproj" on node 2 (Build target(s)).
     1>ClCompile:
         D:\Windows\Programming\IDE's\Visual Studio 2013 Premium\Files\VC\bin\CL.exe /c /ZI /nologo /W3 /WX- /sdl /Od /Oy- /D WIN32 /D _WINDOWS /D _DEBUG /D _UNICODE /D UNICODE /D _AFXDLL /Gm /EHsc /RTC1 /MDd /GS /fp:precise /Zc:wchar_t /Zc:forScope /Yu"stdafx.h" /Fp"Debug\CanadianExperience.pch" /Fo"Debug\\" /Fd"Debug\vc120.pdb" /Gd /TP /analyze- /errorReport:prompt Actor.cpp ButchFactory.cpp CanadianExperience.cpp Drawable.cpp HaroldFactory.cpp HeadTop.cpp ImageDrawable.cpp MainFrm.cpp Picture.cpp PictureFactory.cpp PictureObserver.cpp PolyDrawable.cpp ViewActors.cpp ViewEdit.cpp ViewTimeline.cpp ViewTop.cpp
         ImageDrawable.cpp
         Generating Code...
         Skipping... (no relevant changes detected)
         ViewTop.cpp
         ViewTimeline.cpp
         ViewEdit.cpp
         ViewActors.cpp
         PolyDrawable.cpp
         PictureObserver.cpp
         PictureFactory.cpp
         Picture.cpp
         MainFrm.cpp
         HeadTop.cpp
         HaroldFactory.cpp
         Drawable.cpp
         CanadianExperience.cpp
         ButchFactory.cpp
         Actor.cpp
       Link:
         D:\Windows\Programming\IDE's\Visual Studio 2013 Premium\Files\VC\bin\link.exe /ERRORREPORT:PROMPT /OUT:"D:\Windows\Programming\School\CSE 335\Work\Steps\Step5\Part1\CanadianExperience\Debug\CanadianExperience.exe" /INCREMENTAL /NOLOGO /MANIFEST /MANIFESTUAC:"level='asInvoker' uiAccess='false'" /manifest:embed /manifestinput:"D:\Windows\Programming\IDE's\Visual Studio 2013 Premium\Files\VC\Include\Manifest\dpiaware.manifest" /DEBUG /PDB:"D:\Windows\Programming\School\CSE 335\Work\Steps\Step5\Part1\CanadianExperience\Debug\CanadianExperience.pdb" /SUBSYSTEM:WINDOWS /TLBID:1 /ENTRY:"wWinMainCRTStartup" /DYNAMICBASE /NXCOMPAT /IMPLIB:"D:\Windows\Programming\School\CSE 335\Work\Steps\Step5\Part1\CanadianExperience\Debug\CanadianExperience.lib" /MACHINE:X86 Debug\CanadianExperience.res
         Debug\Actor.obj
         Debug\ActorFactory.obj
         Debug\ButchFactory.obj
         Debug\CanadianExperience.obj
         Debug\Drawable.obj
         Debug\HaroldFactory.obj
         Debug\HeadTop.obj
         Debug\ImageDrawable.obj
         Debug\MainFrm.obj
         Debug\Picture.obj
         Debug\PictureFactory.obj
         Debug\PictureObserver.obj
         Debug\PolyDrawable.obj
         Debug\stdafx.obj
         Debug\ViewActors.obj
         Debug\ViewEdit.obj
         Debug\ViewTimeline.obj
         Debug\ViewTop.obj
         CanadianExperience.vcxproj -> D:\Windows\Programming\School\CSE 335\Work\Steps\Step5\Part1\CanadianExperience\Debug\CanadianExperience.exe
     1>Done Building Project "D:\Windows\Programming\School\CSE 335\Work\Steps\Step5\Part1\CanadianExperience\CanadianExperience\CanadianExperience.vcxproj" (Build target(s)).

Build succeeded.

Time Elapsed 00:00:00.84
