Build started 11/7/2014 11:47:07 PM.
     1>Project "D:\Windows\Programming\School\CSE 335\Work\Steps\Step5\Part2\CanadianExperience\CanadianExperience\CanadianExperience.vcxproj" on node 2 (Build target(s)).
     1>ClCompile:
         D:\Windows\Programming\IDE's\Visual Studio 2013 Premium\Files\VC\bin\CL.exe /c /ZI /nologo /W3 /WX- /sdl /Od /Oy- /D WIN32 /D _WINDOWS /D _DEBUG /D _UNICODE /D UNICODE /D _AFXDLL /Gm /EHsc /RTC1 /MDd /GS /fp:precise /Zc:wchar_t /Zc:forScope /Yu"stdafx.h" /Fp"Debug\CanadianExperience.pch" /Fo"Debug\\" /Fd"Debug\vc120.pdb" /Gd /TP /analyze- /errorReport:prompt AnimChannel.cpp
         AnimChannel.cpp
       Link:
         D:\Windows\Programming\IDE's\Visual Studio 2013 Premium\Files\VC\bin\link.exe /ERRORREPORT:PROMPT /OUT:"D:\Windows\Programming\School\CSE 335\Work\Steps\Step5\Part2\CanadianExperience\Debug\CanadianExperience.exe" /INCREMENTAL /NOLOGO /MANIFEST /MANIFESTUAC:"level='asInvoker' uiAccess='false'" /manifest:embed /manifestinput:"D:\Windows\Programming\IDE's\Visual Studio 2013 Premium\Files\VC\Include\Manifest\dpiaware.manifest" /DEBUG /PDB:"D:\Windows\Programming\School\CSE 335\Work\Steps\Step5\Part2\CanadianExperience\Debug\CanadianExperience.pdb" /SUBSYSTEM:WINDOWS /TLBID:1 /ENTRY:"wWinMainCRTStartup" /DYNAMICBASE /NXCOMPAT /IMPLIB:"D:\Windows\Programming\School\CSE 335\Work\Steps\Step5\Part2\CanadianExperience\Debug\CanadianExperience.lib" /MACHINE:X86 Debug\CanadianExperience.res
         Debug\Actor.obj
         Debug\ActorFactory.obj
         Debug\AnimChannel.obj
         Debug\AnimChannelAngle.obj
         Debug\AnimChannelPoint.obj
         Debug\ButchFactory.obj
         Debug\CanadianExperience.obj
         Debug\Drawable.obj
         Debug\HaroldFactory.obj
         Debug\HeadTop.obj
         Debug\ImageDrawable.obj
         Debug\MainFrm.obj
         Debug\Picture.obj
         Debug\PictureFactory.obj
         Debug\PictureObserver.obj
         Debug\PolyDrawable.obj
         Debug\stdafx.obj
         Debug\Timeline.obj
         Debug\TimelineDlg.obj
         Debug\ViewActors.obj
         Debug\ViewEdit.obj
         Debug\ViewTimeline.obj
         Debug\ViewTop.obj
         CanadianExperience.vcxproj -> D:\Windows\Programming\School\CSE 335\Work\Steps\Step5\Part2\CanadianExperience\Debug\CanadianExperience.exe
     1>Done Building Project "D:\Windows\Programming\School\CSE 335\Work\Steps\Step5\Part2\CanadianExperience\CanadianExperience\CanadianExperience.vcxproj" (Build target(s)).

Build succeeded.

Time Elapsed 00:00:00.72
