d:\windows\programming\school\cse 335\work\steps\step7\elevator\elevator\debug\elevator.pch
d:\windows\programming\school\cse 335\work\steps\step7\elevator\elevator\debug\vc120.pdb
d:\windows\programming\school\cse 335\work\steps\step7\elevator\elevator\debug\vc120.idb
d:\windows\programming\school\cse 335\work\steps\step7\elevator\elevator\debug\stdafx.obj
d:\windows\programming\school\cse 335\work\steps\step7\elevator\elevator\debug\elevatorapp.obj
d:\windows\programming\school\cse 335\work\steps\step7\elevator\elevator\debug\mainfrm.obj
d:\windows\programming\school\cse 335\work\steps\step7\elevator\elevator\debug\controller.obj
d:\windows\programming\school\cse 335\work\steps\step7\elevator\debug\elevator.ilk
d:\windows\programming\school\cse 335\work\steps\step7\elevator\debug\elevator.exe
d:\windows\programming\school\cse 335\work\steps\step7\elevator\debug\elevator.pdb
d:\windows\programming\school\cse 335\work\steps\step7\elevator\elevator\debug\elevator.res
d:\windows\programming\school\cse 335\work\steps\step7\elevator\elevator\debug\elevator.tlog\cl.command.1.tlog
d:\windows\programming\school\cse 335\work\steps\step7\elevator\elevator\debug\elevator.tlog\cl.read.1.tlog
d:\windows\programming\school\cse 335\work\steps\step7\elevator\elevator\debug\elevator.tlog\cl.write.1.tlog
d:\windows\programming\school\cse 335\work\steps\step7\elevator\elevator\debug\elevator.tlog\link.command.1.tlog
d:\windows\programming\school\cse 335\work\steps\step7\elevator\elevator\debug\elevator.tlog\link.read.1.tlog
d:\windows\programming\school\cse 335\work\steps\step7\elevator\elevator\debug\elevator.tlog\link.write.1.tlog
d:\windows\programming\school\cse 335\work\steps\step7\elevator\elevator\debug\elevator.tlog\rc.command.1.tlog
d:\windows\programming\school\cse 335\work\steps\step7\elevator\elevator\debug\elevator.tlog\rc.read.1.tlog
d:\windows\programming\school\cse 335\work\steps\step7\elevator\elevator\debug\elevator.tlog\rc.write.1.tlog
